<?xml version="1.0" encoding="UTF-8"?>
<coverage generated="1638213559227" clover="3.2.0">
  <project timestamp="1638213559227" name="All files">
    <metrics statements="45" coveredstatements="45" conditionals="13" coveredconditionals="13" methods="13" coveredmethods="13" elements="71" coveredelements="71" complexity="0" loc="45" ncloc="45" packages="1" files="4" classes="4"/>
    <file name="codeWords.ts" path="P:\nato-phonetic-alphabet\src\codeWords.ts">
      <metrics statements="2" coveredstatements="2" conditionals="0" coveredconditionals="0" methods="0" coveredmethods="0"/>
      <line num="3" count="2" type="stmt"/>
      <line num="32" count="2" type="stmt"/>
    </file>
    <file name="index.ts" path="P:\nato-phonetic-alphabet\src\index.ts">
      <metrics statements="37" coveredstatements="37" conditionals="11" coveredconditionals="11" methods="11" coveredmethods="11"/>
      <line num="1" count="2" type="stmt"/>
      <line num="2" count="2" type="stmt"/>
      <line num="4" count="2" type="stmt"/>
      <line num="6" count="2" type="stmt"/>
      <line num="7" count="52" type="stmt"/>
      <line num="8" count="52" type="stmt"/>
      <line num="11" count="2" type="stmt"/>
      <line num="12" count="52" type="stmt"/>
      <line num="13" count="52" type="stmt"/>
      <line num="14" count="52" type="stmt"/>
      <line num="17" count="2" type="stmt"/>
      <line num="19" count="2" type="stmt"/>
      <line num="21" count="52" type="stmt"/>
      <line num="22" count="52" type="stmt"/>
      <line num="25" count="2" type="cond" truecount="2" falsecount="0"/>
      <line num="27" count="15" type="cond" truecount="1" falsecount="0"/>
      <line num="29" count="4" type="stmt"/>
      <line num="31" count="12" type="cond" truecount="1" falsecount="0"/>
      <line num="32" count="6" type="cond" truecount="1" falsecount="0"/>
      <line num="34" count="3" type="stmt"/>
      <line num="38" count="11" type="cond" truecount="1" falsecount="0"/>
      <line num="40" count="4" type="stmt"/>
      <line num="43" count="12" type="cond" truecount="1" falsecount="0"/>
      <line num="44" count="6" type="cond" truecount="1" falsecount="0"/>
      <line num="46" count="3" type="stmt"/>
      <line num="51" count="7" type="stmt"/>
      <line num="54" count="27" type="cond" truecount="1" falsecount="0"/>
      <line num="55" count="14" type="cond" truecount="1" falsecount="0"/>
      <line num="57" count="8" type="stmt"/>
      <line num="65" count="2" type="cond" truecount="1" falsecount="0"/>
      <line num="67" count="7" type="stmt"/>
      <line num="68" count="7" type="stmt"/>
      <line num="69" count="7" type="stmt"/>
      <line num="71" count="47" type="stmt"/>
      <line num="73" count="7" type="stmt"/>
      <line num="75" count="7" type="stmt"/>
      <line num="78" count="2" type="stmt"/>
    </file>
    <file name="letters.ts" path="P:\nato-phonetic-alphabet\src\letters.ts">
      <metrics statements="2" coveredstatements="2" conditionals="0" coveredconditionals="0" methods="1" coveredmethods="1"/>
      <line num="3" count="52" type="stmt"/>
      <line num="5" count="2" type="stmt"/>
    </file>
    <file name="types.ts" path="P:\nato-phonetic-alphabet\src\types.ts">
      <metrics statements="4" coveredstatements="4" conditionals="2" coveredconditionals="2" methods="1" coveredmethods="1"/>
      <line num="20" count="2" type="cond" truecount="2" falsecount="0"/>
      <line num="21" count="2" type="stmt"/>
      <line num="22" count="2" type="stmt"/>
      <line num="23" count="2" type="stmt"/>
    </file>
  </project>
</coverage>
