{"P:\\nato-phonetic-alphabet\\src\\codeWords.ts": {"path":"P:\\nato-phonetic-alphabet\\src\\codeWords.ts","statementMap":{"0":{"start":{"line":3,"column":30},"end":{"line":30,"column":null}},"1":{"start":{"line":32,"column":0},"end":{"line":32,"column":null}}},"fnMap":{},"branchMap":{},"s":{"0":2,"1":2},"f":{},"b":{}}
,"P:\\nato-phonetic-alphabet\\src\\index.ts": {"path":"P:\\nato-phonetic-alphabet\\src\\index.ts","statementMap":{"0":{"start":{"line":1,"column":0},"end":{"line":1,"column":32}},"1":{"start":{"line":2,"column":0},"end":{"line":2,"column":36}},"2":{"start":{"line":4,"column":0},"end":{"line":4,"column":40}},"3":{"start":{"line":6,"column":13},"end":{"line":9,"column":null}},"4":{"start":{"line":7,"column":36},"end":{"line":7,"column":56}},"5":{"start":{"line":8,"column":36},"end":{"line":8,"column":56}},"6":{"start":{"line":11,"column":13},"end":{"line":15,"column":null}},"7":{"start":{"line":12,"column":40},"end":{"line":12,"column":62}},"8":{"start":{"line":13,"column":40},"end":{"line":13,"column":62}},"9":{"start":{"line":14,"column":42},"end":{"line":14,"column":89}},"10":{"start":{"line":17,"column":28},"end":{"line":17,"column":30}},"11":{"start":{"line":19,"column":0},"end":{"line":23,"column":null}},"12":{"start":{"line":21,"column":1},"end":{"line":21,"column":null}},"13":{"start":{"line":22,"column":1},"end":{"line":22,"column":null}},"14":{"start":{"line":27,"column":1},"end":{"line":36,"column":null}},"15":{"start":{"line":29,"column":2},"end":{"line":35,"column":null}},"16":{"start":{"line":31,"column":3},"end":{"line":31,"column":null}},"17":{"start":{"line":31,"column":50},"end":{"line":31,"column":null}},"18":{"start":{"line":32,"column":3},"end":{"line":32,"column":null}},"19":{"start":{"line":32,"column":50},"end":{"line":32,"column":null}},"20":{"start":{"line":34,"column":3},"end":{"line":34,"column":null}},"21":{"start":{"line":38,"column":1},"end":{"line":48,"column":null}},"22":{"start":{"line":40,"column":2},"end":{"line":47,"column":null}},"23":{"start":{"line":43,"column":3},"end":{"line":43,"column":null}},"24":{"start":{"line":43,"column":50},"end":{"line":43,"column":null}},"25":{"start":{"line":44,"column":3},"end":{"line":44,"column":null}},"26":{"start":{"line":44,"column":50},"end":{"line":44,"column":null}},"27":{"start":{"line":46,"column":3},"end":{"line":46,"column":null}},"28":{"start":{"line":51,"column":1},"end":{"line":59,"column":null}},"29":{"start":{"line":54,"column":3},"end":{"line":54,"column":null}},"30":{"start":{"line":54,"column":50},"end":{"line":54,"column":null}},"31":{"start":{"line":55,"column":3},"end":{"line":55,"column":null}},"32":{"start":{"line":55,"column":50},"end":{"line":55,"column":null}},"33":{"start":{"line":57,"column":3},"end":{"line":57,"column":null}},"34":{"start":{"line":25,"column":0},"end":{"line":25,"column":16}},"35":{"start":{"line":67,"column":21},"end":{"line":67,"column":23}},"36":{"start":{"line":68,"column":15},"end":{"line":68,"column":64}},"37":{"start":{"line":69,"column":15},"end":{"line":69,"column":58}},"38":{"start":{"line":71,"column":1},"end":{"line":71,"column":null}},"39":{"start":{"line":71,"column":19},"end":{"line":71,"column":20}},"40":{"start":{"line":71,"column":47},"end":{"line":71,"column":null}},"41":{"start":{"line":73,"column":1},"end":{"line":73,"column":null}},"42":{"start":{"line":75,"column":1},"end":{"line":75,"column":null}},"43":{"start":{"line":65,"column":0},"end":{"line":65,"column":16}},"44":{"start":{"line":78,"column":0},"end":{"line":78,"column":null}}},"fnMap":{"0":{"name":"(anonymous_1)","decl":{"start":{"line":7,"column":26},"end":{"line":7,"column":32}},"loc":{"start":{"line":7,"column":36},"end":{"line":7,"column":56}}},"1":{"name":"(anonymous_2)","decl":{"start":{"line":8,"column":26},"end":{"line":8,"column":32}},"loc":{"start":{"line":8,"column":36},"end":{"line":8,"column":56}}},"2":{"name":"(anonymous_3)","decl":{"start":{"line":12,"column":28},"end":{"line":12,"column":36}},"loc":{"start":{"line":12,"column":40},"end":{"line":12,"column":62}}},"3":{"name":"(anonymous_4)","decl":{"start":{"line":13,"column":28},"end":{"line":13,"column":36}},"loc":{"start":{"line":13,"column":40},"end":{"line":13,"column":62}}},"4":{"name":"(anonymous_5)","decl":{"start":{"line":14,"column":30},"end":{"line":14,"column":38}},"loc":{"start":{"line":14,"column":42},"end":{"line":14,"column":89}}},"5":{"name":"(anonymous_6)","decl":{"start":{"line":19,"column":18},"end":{"line":19,"column":20}},"loc":{"start":{"line":19,"column":38},"end":{"line":23,"column":1}}},"6":{"name":"convert","decl":{"start":{"line":25,"column":16},"end":{"line":25,"column":23}},"loc":{"start":{"line":25,"column":102},"end":{"line":60,"column":1}}},"7":{"name":"(anonymous_8)","decl":{"start":{"line":29,"column":26},"end":{"line":29,"column":35}},"loc":{"start":{"line":29,"column":38},"end":{"line":35,"column":3}}},"8":{"name":"(anonymous_9)","decl":{"start":{"line":40,"column":26},"end":{"line":40,"column":35}},"loc":{"start":{"line":40,"column":38},"end":{"line":47,"column":3}}},"9":{"name":"(anonymous_10)","decl":{"start":{"line":52,"column":2},"end":{"line":52,"column":11}},"loc":{"start":{"line":52,"column":14},"end":{"line":58,"column":3}}},"10":{"name":"placeholder","decl":{"start":{"line":65,"column":16},"end":{"line":65,"column":27}},"loc":{"start":{"line":65,"column":66},"end":{"line":76,"column":1}}}},"branchMap":{"0":{"loc":{"start":{"line":25,"column":39},"end":{"line":25,"column":88}},"type":"default-arg","locations":[{"start":{"line":25,"column":62},"end":{"line":25,"column":88}}]},"1":{"loc":{"start":{"line":25,"column":90},"end":{"line":25,"column":102}},"type":"default-arg","locations":[{"start":{"line":25,"column":100},"end":{"line":25,"column":102}}]},"2":{"loc":{"start":{"line":27,"column":1},"end":{"line":36,"column":null}},"type":"if","locations":[{"start":{"line":27,"column":1},"end":{"line":36,"column":null}}]},"3":{"loc":{"start":{"line":31,"column":3},"end":{"line":31,"column":null}},"type":"if","locations":[{"start":{"line":31,"column":3},"end":{"line":31,"column":null}}]},"4":{"loc":{"start":{"line":32,"column":3},"end":{"line":32,"column":null}},"type":"if","locations":[{"start":{"line":32,"column":3},"end":{"line":32,"column":null}}]},"5":{"loc":{"start":{"line":38,"column":1},"end":{"line":48,"column":null}},"type":"if","locations":[{"start":{"line":38,"column":1},"end":{"line":48,"column":null}}]},"6":{"loc":{"start":{"line":43,"column":3},"end":{"line":43,"column":null}},"type":"if","locations":[{"start":{"line":43,"column":3},"end":{"line":43,"column":null}}]},"7":{"loc":{"start":{"line":44,"column":3},"end":{"line":44,"column":null}},"type":"if","locations":[{"start":{"line":44,"column":3},"end":{"line":44,"column":null}}]},"8":{"loc":{"start":{"line":54,"column":3},"end":{"line":54,"column":null}},"type":"if","locations":[{"start":{"line":54,"column":3},"end":{"line":54,"column":null}}]},"9":{"loc":{"start":{"line":55,"column":3},"end":{"line":55,"column":null}},"type":"if","locations":[{"start":{"line":55,"column":3},"end":{"line":55,"column":null}}]},"10":{"loc":{"start":{"line":65,"column":45},"end":{"line":65,"column":66}},"type":"default-arg","locations":[{"start":{"line":65,"column":63},"end":{"line":65,"column":66}}]}},"s":{"0":2,"1":2,"2":2,"3":2,"4":52,"5":52,"6":2,"7":52,"8":52,"9":52,"10":2,"11":2,"12":52,"13":52,"14":15,"15":4,"16":12,"17":6,"18":6,"19":3,"20":3,"21":11,"22":4,"23":12,"24":6,"25":6,"26":3,"27":3,"28":7,"29":27,"30":13,"31":14,"32":6,"33":8,"34":2,"35":7,"36":7,"37":7,"38":7,"39":7,"40":47,"41":7,"42":7,"43":2,"44":2},"f":{"0":52,"1":52,"2":52,"3":52,"4":52,"5":52,"6":15,"7":12,"8":12,"9":27,"10":7},"b":{"0":[4],"1":[12],"2":[4],"3":[6],"4":[3],"5":[4],"6":[6],"7":[3],"8":[13],"9":[6],"10":[5]}}
,"P:\\nato-phonetic-alphabet\\src\\letters.ts": {"path":"P:\\nato-phonetic-alphabet\\src\\letters.ts","statementMap":{"0":{"start":{"line":3,"column":26},"end":{"line":3,"column":100}},"1":{"start":{"line":3,"column":69},"end":{"line":3,"column":98}},"2":{"start":{"line":5,"column":0},"end":{"line":5,"column":null}}},"fnMap":{"0":{"name":"(anonymous_0)","decl":{"start":{"line":3,"column":57},"end":{"line":3,"column":59}},"loc":{"start":{"line":3,"column":69},"end":{"line":3,"column":98}}}},"branchMap":{},"s":{"0":2,"1":52,"2":2},"f":{"0":52},"b":{}}
,"P:\\nato-phonetic-alphabet\\src\\types.ts": {"path":"P:\\nato-phonetic-alphabet\\src\\types.ts","statementMap":{"0":{"start":{"line":20,"column":0},"end":{"line":20,"column":null}},"1":{"start":{"line":21,"column":1},"end":{"line":21,"column":null}},"2":{"start":{"line":22,"column":1},"end":{"line":22,"column":null}},"3":{"start":{"line":23,"column":1},"end":{"line":23,"column":null}}},"fnMap":{"0":{"name":"(anonymous_0)","decl":{"start":{"line":20,"column":0},"end":{"line":20,"column":12}},"loc":{"start":{"line":20,"column":26},"end":{"line":24,"column":1}}}},"branchMap":{"0":{"loc":{"start":{"line":20,"column":12},"end":{"line":20,"column":null}},"type":"binary-expr","locations":[{"start":{"line":20,"column":12},"end":{"line":20,"column":26}},{"start":{"line":20,"column":12},"end":{"line":20,"column":null}}]}},"s":{"0":2,"1":2,"2":2,"3":2},"f":{"0":2},"b":{"0":[2,2]}}
}
