TN:
SF:src\codeWords.ts
FNF:0
FNH:0
DA:3,2
DA:32,2
LF:2
LH:2
BRF:0
BRH:0
end_of_record
TN:
SF:src\index.ts
FN:7,(anonymous_1)
FN:8,(anonymous_2)
FN:12,(anonymous_3)
FN:13,(anonymous_4)
FN:14,(anonymous_5)
FN:19,(anonymous_6)
FN:25,convert
FN:29,(anonymous_8)
FN:40,(anonymous_9)
FN:52,(anonymous_10)
FN:65,placeholder
FNF:11
FNH:11
FNDA:52,(anonymous_1)
FNDA:52,(anonymous_2)
FNDA:52,(anonymous_3)
FNDA:52,(anonymous_4)
FNDA:52,(anonymous_5)
FNDA:52,(anonymous_6)
FNDA:15,convert
FNDA:12,(anonymous_8)
FNDA:12,(anonymous_9)
FNDA:27,(anonymous_10)
FNDA:7,placeholder
DA:1,2
DA:2,2
DA:4,2
DA:6,2
DA:7,52
DA:8,52
DA:11,2
DA:12,52
DA:13,52
DA:14,52
DA:17,2
DA:19,2
DA:21,52
DA:22,52
DA:25,2
DA:27,15
DA:29,4
DA:31,12
DA:32,6
DA:34,3
DA:38,11
DA:40,4
DA:43,12
DA:44,6
DA:46,3
DA:51,7
DA:54,27
DA:55,14
DA:57,8
DA:65,2
DA:67,7
DA:68,7
DA:69,7
DA:71,47
DA:73,7
DA:75,7
DA:78,2
LF:37
LH:37
BRDA:25,0,0,4
BRDA:25,1,0,12
BRDA:27,2,0,4
BRDA:31,3,0,6
BRDA:32,4,0,3
BRDA:38,5,0,4
BRDA:43,6,0,6
BRDA:44,7,0,3
BRDA:54,8,0,13
BRDA:55,9,0,6
BRDA:65,10,0,5
BRF:11
BRH:11
end_of_record
TN:
SF:src\letters.ts
FN:3,(anonymous_0)
FNF:1
FNH:1
FNDA:52,(anonymous_0)
DA:3,52
DA:5,2
LF:2
LH:2
BRF:0
BRH:0
end_of_record
TN:
SF:src\types.ts
FN:20,(anonymous_0)
FNF:1
FNH:1
FNDA:2,(anonymous_0)
DA:20,2
DA:21,2
DA:22,2
DA:23,2
LF:4
LH:4
BRDA:20,0,0,2
BRDA:20,0,1,2
BRF:2
BRH:2
end_of_record
